0	0	correct
6	6	correct
0	0	correct
3	3	correct
0	0	correct
1	1	correct
4	4	correct
0	0	correct
1	1	correct
3	3	correct
6	6	correct
4	4	correct
3	3	correct
6	6	correct
2	2	correct
6	6	correct
5	5	correct
0	0	correct
1	1	correct
4	4	correct
6	2	incorrect
2	2	correct
4	4	correct
6	6	correct
6	6	correct
6	6	correct
1	1	correct
0	0	correct
5	5	correct
2	2	correct
2	2	correct
1	1	correct
6	6	correct
6	6	correct
4	4	correct
0	0	correct
3	3	correct
5	5	correct
3	3	correct
6	6	correct
5	5	correct
4	4	correct
5	5	correct
3	3	correct
4	4	correct
6	6	correct
6	6	correct
6	6	correct
2	2	correct
2	2	correct
2	2	correct
6	6	correct
1	1	correct
4	4	correct
0	0	correct
4	4	correct
0	0	correct
4	4	correct
0	0	correct
0	0	correct
4	4	correct
0	0	correct
4	4	correct
4	4	correct
0	0	correct
5	5	correct
5	5	correct
0	0	correct
1	1	correct
5	5	correct
0	0	correct
4	4	correct
4	4	correct
6	6	correct
2	2	correct
0	0	correct
6	6	correct
4	4	correct
3	3	correct
6	6	correct
0	2	incorrect
4	4	correct
5	5	correct
6	6	correct
2	2	correct
5	5	correct
5	5	correct
4	4	correct
0	0	correct
2	2	correct
0	0	correct
6	6	correct
6	6	correct
5	5	correct
6	6	correct
4	4	correct
4	4	correct
2	2	correct
3	3	correct
6	6	correct
0	0	correct
6	2	incorrect
6	6	correct
6	6	correct
4	4	correct
0	0	correct
6	6	correct
6	6	correct
5	5	correct
2	2	correct
0	6	incorrect
0	0	correct
6	6	correct
6	6	correct
0	4	incorrect
6	6	correct
5	5	correct
4	4	correct
5	5	correct
6	6	correct
2	2	correct
4	4	correct
4	4	correct
5	5	correct
0	0	correct
1	1	correct
2	2	correct
4	4	correct
2	2	correct
4	4	correct
4	4	correct
4	4	correct
0	0	correct
2	2	correct
0	0	correct
6	6	correct
6	6	correct
2	2	correct
6	6	correct
6	6	correct
4	4	correct
6	6	correct
5	5	correct
4	4	correct
0	0	correct
5	5	correct
4	4	correct
5	5	correct
1	1	correct
0	0	correct
4	4	correct
4	4	correct
0	0	correct
6	6	correct
4	4	correct
0	0	correct
0	0	correct
2	2	correct
5	5	correct
0	0	correct
5	5	correct
1	1	correct
0	0	correct
0	0	correct
2	2	correct
4	4	correct
0	0	correct
0	0	correct
5	5	correct
2	2	correct
5	5	correct
2	2	correct
2	2	correct
4	4	correct
6	6	correct
0	0	correct
6	6	correct
6	6	correct
3	2	incorrect
4	4	correct
5	5	correct
1	1	correct
6	6	correct
6	6	correct
1	1	correct
6	6	correct
4	4	correct
6	6	correct
0	0	correct
2	2	correct
4	4	correct
1	1	correct
0	0	correct
6	6	correct
2	2	correct
0	0	correct
6	6	correct
3	3	correct
6	6	correct
6	6	correct
5	5	correct
4	4	correct
5	5	correct
0	0	correct
0	0	correct
4	4	correct
6	6	correct
4	4	correct
0	0	correct
5	5	correct
6	6	correct
2	2	correct
4	4	correct
2	2	correct
3	3	correct
4	4	correct
2	2	correct
0	0	correct
6	6	correct
6	6	correct
3	3	correct
0	0	correct
3	3	correct
4	4	correct
0	0	correct
0	0	correct
5	5	correct
4	4	correct
4	4	correct
6	6	correct
4	4	correct
3	3	correct
2	2	correct
4	4	correct
6	6	correct
5	5	correct
4	4	correct
0	0	correct
4	4	correct
4	4	correct
5	5	correct
0	0	correct
3	3	correct
4	4	correct
2	2	correct
2	2	correct
4	4	correct
1	1	correct
4	4	correct
4	4	correct
3	3	correct
0	0	correct
4	4	correct
2	2	correct
4	4	correct
4	4	correct
4	4	correct
4	4	correct
6	3	incorrect
4	4	correct
2	2	correct
6	6	correct
2	2	correct
6	6	correct
4	4	correct
0	0	correct
0	0	correct
0	0	correct
0	0	correct
4	4	correct
0	0	correct
3	3	correct
6	6	correct
4	4	correct
6	6	correct
5	5	correct
3	4	incorrect
4	4	correct
0	0	correct
2	2	correct
1	1	correct
1	1	correct
0	0	correct
4	4	correct
0	0	correct
4	4	correct
6	6	correct
2	2	correct
3	3	correct
4	4	correct
0	0	correct
4	4	correct
6	6	correct
4	4	correct
6	6	correct
4	4	correct
6	6	correct
0	2	incorrect
0	0	correct
3	3	correct
2	2	correct
6	6	correct
6	6	correct
4	4	correct
3	3	correct
0	0	correct
2	2	correct
6	6	correct
4	4	correct
3	3	correct
6	6	correct
6	6	correct
6	6	correct
0	0	correct
0	0	correct
0	0	correct
6	3	incorrect
4	4	correct
5	5	correct
4	4	correct
6	6	correct
6	6	correct
5	5	correct
2	2	correct
3	4	incorrect
4	4	correct
0	0	correct
4	4	correct
5	5	correct
1	1	correct
5	5	correct
0	0	correct
2	2	correct
0	3	incorrect
0	0	correct
4	4	correct
4	4	correct
4	4	correct
2	2	correct
6	6	correct
0	0	correct
5	5	correct
2	2	correct
4	4	correct
3	2	incorrect
6	6	correct
4	4	correct
2	2	correct
0	0	correct
6	6	correct
3	3	correct
4	4	correct
2	2	correct
4	4	correct
3	3	correct
4	4	correct
6	6	correct
0	0	correct
5	5	correct
1	1	correct
2	2	correct
4	4	correct
2	2	correct
3	3	correct
2	2	correct
0	0	correct
2	2	correct
6	6	correct
3	3	correct
6	6	correct
2	2	correct
6	6	correct
0	0	correct
2	2	correct
1	1	correct
2	2	correct
3	3	correct
5	5	correct
3	3	correct
6	6	correct
6	6	correct
2	2	correct
2	2	correct
2	2	correct
2	2	correct
2	2	correct
0	0	correct
5	5	correct
5	5	correct
1	1	correct
0	0	correct
6	6	correct
3	3	correct
3	3	correct
2	2	correct
4	4	correct
6	6	correct
4	4	correct
6	3	incorrect
4	4	correct
3	3	correct
2	2	correct
6	6	correct
0	0	correct
6	6	correct
5	5	correct
5	5	correct
4	4	correct
2	2	correct
4	4	correct
1	1	correct
3	3	correct
4	4	correct
2	2	correct
4	4	correct
3	3	correct
4	4	correct
5	5	correct
6	6	correct
6	6	correct
0	2	incorrect
0	0	correct
0	0	correct
0	3	incorrect
4	4	correct
4	4	correct
2	2	correct
1	1	correct
0	0	correct
5	5	correct
4	4	correct
4	4	correct
4	4	correct
0	0	correct
6	6	correct
6	2	incorrect
4	4	correct
0	0	correct
4	4	correct
1	1	correct
2	2	correct
4	4	correct
5	5	correct
6	6	correct
6	6	correct
4	4	correct
4	4	correct
3	3	correct
0	0	correct
6	6	correct
2	2	correct
6	6	correct
2	2	correct
6	6	correct
0	0	correct
6	6	correct
2	2	correct
6	6	correct
6	6	correct
3	3	correct
0	0	correct
1	1	correct
4	0	incorrect
4	4	correct
3	3	correct
6	6	correct
3	3	correct
6	6	correct
2	2	correct
2	2	correct
4	4	correct
4	4	correct
6	6	correct
3	6	incorrect
4	4	correct
6	6	correct
4	4	correct
6	6	correct
3	3	correct
2	2	correct
0	0	correct
2	2	correct
0	0	correct
4	4	correct
5	5	correct
5	5	correct
4	4	correct
3	3	correct
6	6	correct
2	2	correct
6	6	correct
4	4	correct
6	6	correct
0	0	correct
6	6	correct
4	4	correct
6	6	correct
3	2	incorrect
6	6	correct
3	3	correct
2	2	correct
0	0	correct
1	1	correct
1	1	correct
0	0	correct
2	2	correct
0	0	correct
4	4	correct
6	6	correct
2	2	correct
3	3	correct
6	6	correct
3	3	correct
4	4	correct
4	3	incorrect
0	0	correct
4	4	correct
5	5	correct
0	0	correct
4	4	correct
0	0	correct
6	6	correct
0	0	correct
4	4	correct
4	4	correct
2	2	correct
0	0	correct
3	2	incorrect
4	2	incorrect
0	0	correct
0	0	correct
4	4	correct
2	2	correct
4	4	correct
6	6	correct
4	4	correct
0	0	correct
0	3	incorrect
0	0	correct
4	4	correct
6	6	correct
0	0	correct
4	4	correct
2	2	correct
2	2	correct
6	6	correct
6	6	correct
4	4	correct
6	6	correct
5	5	correct
4	4	correct
3	3	correct
6	6	correct
4	4	correct
6	6	correct
6	6	correct
6	6	correct
2	2	correct
0	0	correct
4	4	correct
4	4	correct
6	6	correct
4	4	correct
5	5	correct
2	2	correct
5	5	correct
4	4	correct
6	6	correct
0	0	correct
0	0	correct
0	0	correct
4	4	correct
5	5	correct
4	4	correct
4	4	correct
4	4	correct
4	4	correct
0	0	correct
1	1	correct
0	0	correct
6	6	correct
1	1	correct
0	0	correct
6	6	correct
1	1	correct
4	4	correct
1	1	correct
0	0	correct
acc:95.92
