0	0	correct
6	6	correct
6	6	correct
2	2	correct
4	4	correct
3	3	correct
2	2	correct
4	4	correct
6	6	correct
0	0	correct
6	6	correct
0	0	correct
0	0	correct
4	4	correct
3	3	correct
6	6	correct
3	3	correct
0	0	correct
6	6	correct
6	6	correct
0	0	correct
4	4	correct
5	5	correct
2	2	correct
0	0	correct
4	4	correct
4	4	correct
4	4	correct
6	6	correct
4	4	correct
1	1	correct
2	2	correct
6	6	correct
2	2	correct
3	3	correct
4	4	correct
6	6	correct
6	6	correct
0	0	correct
6	6	correct
0	0	correct
4	4	correct
6	6	correct
1	1	correct
0	0	correct
0	0	correct
3	3	correct
4	4	correct
4	4	correct
6	6	correct
0	0	correct
4	4	correct
4	4	correct
6	6	correct
4	4	correct
0	0	correct
2	2	correct
6	6	correct
3	3	correct
5	5	correct
5	5	correct
1	1	correct
4	4	correct
0	0	correct
1	1	correct
2	2	correct
2	2	correct
4	4	correct
6	6	correct
4	4	correct
2	2	correct
4	4	correct
4	4	correct
1	1	correct
0	0	correct
6	6	correct
2	2	correct
4	4	correct
6	6	correct
2	6	incorrect
2	2	correct
6	6	correct
3	3	correct
5	5	correct
2	2	correct
0	0	correct
2	2	correct
6	6	correct
5	5	correct
0	0	correct
1	1	correct
4	4	correct
2	4	incorrect
2	2	correct
4	4	correct
3	3	correct
4	4	correct
5	5	correct
2	2	correct
2	5	incorrect
4	4	correct
6	6	correct
0	0	correct
3	3	correct
4	4	correct
1	1	correct
1	1	correct
5	5	correct
4	4	correct
0	0	correct
4	4	correct
6	4	incorrect
4	4	correct
0	0	correct
2	2	correct
2	2	correct
5	5	correct
1	1	correct
4	4	correct
4	4	correct
0	0	correct
3	3	correct
6	6	correct
0	0	correct
4	4	correct
3	3	correct
1	1	correct
5	5	correct
6	6	correct
4	4	correct
6	6	correct
6	6	correct
4	4	correct
0	0	correct
1	1	correct
6	6	correct
2	2	correct
4	4	correct
6	6	correct
2	2	correct
1	1	correct
2	6	incorrect
3	3	correct
5	5	correct
0	0	correct
5	5	correct
4	4	correct
2	2	correct
6	6	correct
4	4	correct
3	3	correct
5	5	correct
3	3	correct
3	3	correct
0	0	correct
0	0	correct
0	0	correct
2	2	correct
6	6	correct
6	6	correct
6	6	correct
4	4	correct
2	2	correct
6	6	correct
3	3	correct
0	0	correct
2	2	correct
1	1	correct
5	5	correct
2	2	correct
4	4	correct
1	1	correct
2	2	correct
4	4	correct
6	6	correct
6	6	correct
4	4	correct
3	3	correct
6	6	correct
4	4	correct
0	0	correct
0	0	correct
3	3	correct
2	6	incorrect
6	6	correct
6	6	correct
4	4	correct
2	2	correct
4	4	correct
6	6	correct
3	3	correct
3	3	correct
6	6	correct
4	4	correct
2	2	correct
4	4	correct
2	2	correct
4	4	correct
2	2	correct
6	6	correct
5	5	correct
4	4	correct
2	2	correct
2	6	incorrect
2	2	correct
6	6	correct
1	1	correct
3	3	correct
4	4	correct
4	4	correct
4	4	correct
2	2	correct
3	3	correct
0	0	correct
2	2	correct
6	6	correct
1	1	correct
6	6	correct
2	2	correct
6	6	correct
3	3	correct
3	3	correct
4	4	correct
3	3	correct
6	6	correct
3	3	correct
2	2	correct
4	4	correct
5	5	correct
0	0	correct
6	6	correct
4	4	correct
2	2	correct
5	5	correct
3	3	correct
0	0	correct
5	5	correct
2	6	incorrect
4	4	correct
4	4	correct
5	5	correct
2	2	correct
0	0	correct
4	4	correct
4	4	correct
2	6	incorrect
4	4	correct
4	4	correct
0	0	correct
0	0	correct
0	0	correct
5	5	correct
2	2	correct
2	2	correct
2	2	correct
4	4	correct
6	6	correct
3	3	correct
0	0	correct
4	4	correct
4	4	correct
6	6	correct
4	4	correct
6	6	correct
4	4	correct
2	2	correct
4	4	correct
0	0	correct
6	6	correct
6	6	correct
0	0	correct
5	5	correct
2	6	incorrect
3	3	correct
1	1	correct
2	2	correct
4	4	correct
5	5	correct
2	2	correct
5	5	correct
3	3	correct
0	0	correct
4	4	correct
3	3	correct
3	3	correct
2	2	correct
2	2	correct
2	2	correct
5	5	correct
2	6	incorrect
5	5	correct
4	4	correct
6	6	correct
3	3	correct
6	6	correct
0	0	correct
0	0	correct
2	2	correct
0	0	correct
6	6	correct
4	4	correct
2	2	correct
0	0	correct
6	6	correct
2	2	correct
6	6	correct
4	4	correct
6	6	correct
5	5	correct
5	5	correct
2	2	correct
3	3	correct
4	4	correct
2	6	incorrect
5	5	correct
2	2	correct
4	4	correct
2	2	correct
3	3	correct
0	0	correct
2	6	incorrect
0	0	correct
1	1	correct
6	6	correct
6	6	correct
2	2	correct
2	2	correct
4	4	correct
1	1	correct
2	6	incorrect
0	0	correct
6	6	correct
6	6	correct
0	0	correct
0	0	correct
2	2	correct
4	4	correct
0	0	correct
0	0	correct
6	6	correct
4	4	correct
2	4	incorrect
0	0	correct
0	0	correct
4	4	correct
2	4	incorrect
0	0	correct
0	0	correct
2	2	correct
2	6	incorrect
4	4	correct
0	0	correct
5	5	correct
1	1	correct
3	3	correct
6	6	correct
4	4	correct
2	2	correct
4	4	correct
2	2	correct
6	6	correct
0	0	correct
4	4	correct
4	4	correct
6	6	correct
3	3	correct
6	6	correct
2	2	correct
3	3	correct
6	6	correct
5	5	correct
4	4	correct
4	4	correct
1	1	correct
6	6	correct
6	6	correct
0	0	correct
4	4	correct
4	4	correct
4	4	correct
0	0	correct
3	3	correct
6	6	correct
3	3	correct
1	1	correct
3	3	correct
2	2	correct
1	1	correct
6	6	correct
5	5	correct
3	3	correct
3	3	correct
4	4	correct
3	3	correct
2	2	correct
2	2	correct
3	3	correct
0	0	correct
1	1	correct
5	5	correct
2	2	correct
6	6	correct
2	2	correct
5	5	correct
6	6	correct
4	4	correct
6	6	correct
2	2	correct
3	3	correct
1	1	correct
5	5	correct
4	4	correct
2	2	correct
0	0	correct
4	4	correct
6	6	correct
2	2	correct
6	6	correct
5	5	correct
4	4	correct
4	4	correct
2	2	correct
2	6	incorrect
2	5	incorrect
2	2	correct
0	0	correct
4	4	correct
3	3	correct
6	6	correct
6	6	correct
0	0	correct
5	5	correct
2	2	correct
6	6	correct
6	6	correct
6	6	correct
4	4	correct
2	4	incorrect
4	4	correct
5	5	correct
5	5	correct
4	4	correct
2	2	correct
5	5	correct
0	0	correct
4	4	correct
4	4	correct
4	4	correct
1	1	correct
4	4	correct
2	2	correct
4	4	correct
4	4	correct
2	2	correct
6	6	correct
5	5	correct
4	4	correct
0	0	correct
0	0	correct
5	5	correct
4	4	correct
4	4	correct
2	2	correct
0	0	correct
3	3	correct
4	4	correct
4	4	correct
4	4	correct
0	0	correct
2	2	correct
0	0	correct
4	4	correct
4	4	correct
4	4	correct
3	3	correct
6	6	correct
4	4	correct
6	6	correct
6	6	correct
3	3	correct
4	4	correct
3	3	correct
2	2	correct
4	4	correct
6	6	correct
2	6	incorrect
4	4	correct
0	0	correct
4	4	correct
3	3	correct
2	5	incorrect
6	6	correct
2	2	correct
4	4	correct
2	5	incorrect
6	6	correct
0	0	correct
4	4	correct
4	4	correct
6	6	correct
4	4	correct
0	0	correct
6	6	correct
6	6	correct
0	0	correct
6	6	correct
5	5	correct
6	6	correct
0	0	correct
3	3	correct
2	2	correct
4	4	correct
0	0	correct
4	4	correct
3	3	correct
5	5	correct
2	2	correct
4	4	correct
4	4	correct
2	2	correct
5	5	correct
5	5	correct
2	2	correct
4	4	correct
2	2	correct
0	0	correct
4	4	correct
2	6	incorrect
0	0	correct
1	1	correct
5	5	correct
0	0	correct
3	3	correct
2	2	correct
4	4	correct
2	2	correct
6	6	correct
6	6	correct
4	4	correct
2	6	incorrect
5	5	correct
0	0	correct
6	6	correct
2	2	correct
6	6	correct
5	5	correct
5	5	correct
2	2	correct
0	0	correct
6	6	correct
0	0	correct
2	2	correct
5	5	correct
6	6	correct
4	4	correct
0	0	correct
2	2	correct
6	6	correct
4	4	correct
6	6	correct
6	6	correct
4	4	correct
5	5	correct
0	0	correct
0	0	correct
3	3	correct
1	1	correct
0	0	correct
3	3	correct
6	6	correct
4	4	correct
3	3	correct
6	6	correct
4	4	correct
4	4	correct
5	5	correct
6	6	correct
2	2	correct
1	1	correct
1	1	correct
6	6	correct
5	5	correct
4	4	correct
5	5	correct
4	4	correct
2	2	correct
5	5	correct
acc:95.74
