4	4	correct
0	0	correct
4	4	correct
2	4	incorrect
4	4	correct
3	3	correct
6	6	correct
6	6	correct
2	2	correct
6	6	correct
4	4	correct
6	6	correct
1	1	correct
4	4	correct
4	5	incorrect
2	4	incorrect
6	6	correct
4	4	correct
0	0	correct
4	4	correct
6	3	incorrect
3	3	correct
6	6	correct
4	4	correct
0	6	incorrect
5	2	incorrect
5	5	correct
2	2	correct
2	6	incorrect
6	6	correct
0	0	correct
3	3	correct
4	4	correct
2	2	correct
0	0	correct
6	6	correct
6	6	correct
2	0	incorrect
0	0	correct
5	5	correct
6	6	correct
2	2	correct
2	2	correct
6	6	correct
2	2	correct
0	0	correct
4	6	incorrect
2	2	correct
4	4	correct
0	0	correct
2	2	correct
4	4	correct
4	4	correct
5	5	correct
6	6	correct
4	4	correct
2	2	correct
5	0	incorrect
0	0	correct
2	2	correct
0	0	correct
2	0	incorrect
3	6	incorrect
4	4	correct
4	6	incorrect
2	0	incorrect
2	6	incorrect
4	4	correct
5	6	incorrect
0	2	incorrect
2	2	correct
4	4	correct
2	6	incorrect
0	0	correct
2	0	incorrect
0	0	correct
6	6	correct
4	4	correct
4	4	correct
0	0	correct
2	2	correct
5	0	incorrect
5	5	correct
6	6	correct
3	3	correct
6	6	correct
5	5	correct
3	3	correct
0	0	correct
5	6	incorrect
2	2	correct
4	4	correct
4	4	correct
6	6	correct
0	0	correct
0	0	correct
4	4	correct
5	5	correct
4	4	correct
1	1	correct
6	6	correct
2	2	correct
4	4	correct
2	2	correct
4	4	correct
4	4	correct
4	3	incorrect
4	4	correct
6	6	correct
4	4	correct
4	4	correct
4	3	incorrect
5	5	correct
4	4	correct
2	2	correct
4	4	correct
2	0	incorrect
3	3	correct
2	2	correct
4	4	correct
3	3	correct
5	5	correct
4	4	correct
4	4	correct
6	6	correct
1	1	correct
5	0	incorrect
2	2	correct
2	4	incorrect
4	4	correct
2	2	correct
6	6	correct
2	2	correct
1	1	correct
2	2	correct
4	4	correct
2	2	correct
2	2	correct
6	6	correct
6	6	correct
4	4	correct
2	0	incorrect
2	4	incorrect
4	4	correct
6	6	correct
4	6	incorrect
4	4	correct
4	6	incorrect
5	5	correct
2	2	correct
4	4	correct
1	1	correct
2	6	incorrect
5	5	correct
4	4	correct
4	4	correct
0	0	correct
5	5	correct
6	6	correct
6	6	correct
3	3	correct
4	4	correct
0	0	correct
2	2	correct
2	2	correct
4	4	correct
2	2	correct
2	2	correct
2	2	correct
2	2	correct
6	6	correct
5	5	correct
6	6	correct
6	6	correct
5	5	correct
4	4	correct
3	3	correct
4	4	correct
2	2	correct
4	4	correct
4	4	correct
6	6	correct
3	3	correct
0	0	correct
6	6	correct
3	0	incorrect
6	6	correct
4	3	incorrect
3	3	correct
0	0	correct
6	6	correct
0	0	correct
1	1	correct
3	3	correct
3	3	correct
3	4	incorrect
2	2	correct
4	4	correct
5	5	correct
6	6	correct
6	6	correct
2	2	correct
2	6	incorrect
1	1	correct
0	6	incorrect
0	0	correct
4	3	incorrect
0	0	correct
4	4	correct
4	4	correct
2	3	incorrect
5	5	correct
3	3	correct
2	2	correct
6	6	correct
0	0	correct
4	4	correct
5	5	correct
5	5	correct
6	6	correct
1	1	correct
2	2	correct
2	3	incorrect
6	6	correct
2	2	correct
4	4	correct
6	6	correct
6	6	correct
2	6	incorrect
0	0	correct
2	2	correct
4	4	correct
4	2	incorrect
6	6	correct
4	4	correct
3	3	correct
4	4	correct
6	6	correct
4	2	incorrect
4	4	correct
4	3	incorrect
0	0	correct
6	6	correct
5	5	correct
4	1	incorrect
2	2	correct
5	5	correct
0	0	correct
4	4	correct
5	4	incorrect
4	4	correct
4	3	incorrect
0	0	correct
6	6	correct
4	4	correct
2	0	incorrect
6	6	correct
0	0	correct
6	6	correct
0	5	incorrect
5	2	incorrect
5	5	correct
4	4	correct
0	0	correct
6	6	correct
5	6	incorrect
0	0	correct
4	4	correct
4	4	correct
4	4	correct
4	4	correct
6	0	incorrect
4	4	correct
2	2	correct
5	5	correct
1	1	correct
4	4	correct
2	2	correct
4	5	incorrect
5	6	incorrect
4	4	correct
2	2	correct
2	2	correct
6	6	correct
1	1	correct
2	2	correct
3	3	correct
0	0	correct
4	6	incorrect
3	3	correct
2	3	incorrect
3	3	correct
4	6	incorrect
5	5	correct
2	2	correct
4	6	incorrect
2	2	correct
4	4	correct
4	4	correct
4	4	correct
6	6	correct
4	4	correct
1	1	correct
4	4	correct
6	6	correct
4	4	correct
6	6	correct
3	3	correct
4	4	correct
4	4	correct
0	0	correct
6	6	correct
5	5	correct
4	4	correct
6	6	correct
1	1	correct
4	3	incorrect
1	1	correct
5	5	correct
2	2	correct
4	4	correct
6	6	correct
2	2	correct
0	0	correct
4	4	correct
0	0	correct
4	4	correct
2	2	correct
1	1	correct
4	4	correct
4	4	correct
4	4	correct
0	0	correct
3	3	correct
3	3	correct
6	6	correct
3	3	correct
4	4	correct
5	5	correct
6	6	correct
5	5	correct
4	4	correct
3	3	correct
4	4	correct
2	2	correct
6	6	correct
2	2	correct
4	4	correct
0	0	correct
0	0	correct
1	1	correct
3	3	correct
3	3	correct
2	6	incorrect
6	6	correct
4	4	correct
0	0	correct
2	2	correct
0	0	correct
5	5	correct
2	2	correct
6	6	correct
2	2	correct
6	6	correct
4	4	correct
5	5	correct
2	2	correct
4	4	correct
2	2	correct
0	0	correct
6	6	correct
1	1	correct
1	1	correct
2	2	correct
0	0	correct
5	5	correct
2	2	correct
4	4	correct
6	6	correct
2	2	correct
2	2	correct
5	5	correct
1	1	correct
2	2	correct
3	3	correct
4	4	correct
5	5	correct
4	3	incorrect
0	0	correct
0	0	correct
3	3	correct
2	0	incorrect
4	4	correct
4	4	correct
0	0	correct
4	6	incorrect
4	4	correct
4	4	correct
4	4	correct
2	2	correct
1	1	correct
2	2	correct
4	4	correct
6	6	correct
6	6	correct
4	4	correct
3	4	incorrect
4	4	correct
6	6	correct
5	2	incorrect
3	3	correct
6	6	correct
5	5	correct
5	5	correct
3	3	correct
0	1	incorrect
2	0	incorrect
3	3	correct
3	3	correct
0	0	correct
4	4	correct
2	2	correct
6	6	correct
5	4	incorrect
3	3	correct
4	2	incorrect
5	5	correct
3	3	correct
6	6	correct
0	0	correct
4	4	correct
0	1	incorrect
6	6	correct
4	4	correct
4	4	correct
4	4	correct
6	6	correct
4	4	correct
4	4	correct
4	2	incorrect
6	6	correct
6	6	correct
0	0	correct
4	4	correct
6	6	correct
4	4	correct
6	6	correct
0	0	correct
2	6	incorrect
0	0	correct
4	4	correct
2	3	incorrect
5	5	correct
4	4	correct
4	3	incorrect
3	3	correct
6	3	incorrect
6	6	correct
2	6	incorrect
5	5	correct
6	6	correct
6	4	incorrect
4	4	correct
4	4	correct
4	4	correct
4	4	correct
4	4	correct
0	6	incorrect
3	3	correct
4	6	incorrect
2	2	correct
6	6	correct
6	6	correct
0	0	correct
6	6	correct
5	5	correct
0	0	correct
5	5	correct
0	0	correct
2	0	incorrect
6	6	correct
5	6	incorrect
4	4	correct
4	4	correct
0	0	correct
4	3	incorrect
0	1	incorrect
4	4	correct
5	5	correct
5	5	correct
4	4	correct
4	4	correct
4	0	incorrect
4	4	correct
6	6	correct
6	6	correct
4	4	correct
5	5	correct
6	6	correct
4	4	correct
6	6	correct
2	0	incorrect
3	3	correct
6	6	correct
4	4	correct
4	4	correct
4	4	correct
6	6	correct
5	5	correct
6	6	correct
6	6	correct
6	6	correct
2	2	correct
1	1	correct
4	4	correct
0	0	correct
2	6	incorrect
2	6	incorrect
5	5	correct
0	0	correct
6	6	correct
4	2	incorrect
4	4	correct
2	2	correct
6	6	correct
6	6	correct
2	2	correct
6	2	incorrect
5	5	correct
6	6	correct
2	2	correct
6	6	correct
3	3	correct
0	0	correct
2	2	correct
0	0	correct
4	4	correct
5	5	correct
2	2	correct
6	6	correct
1	1	correct
4	4	correct
3	3	correct
6	6	correct
2	2	correct
3	3	correct
5	5	correct
4	2	incorrect
0	0	correct
4	4	correct
4	4	correct
2	6	incorrect
6	6	correct
4	4	correct
4	4	correct
6	6	correct
4	4	correct
5	4	incorrect
0	0	correct
4	4	correct
4	4	correct
6	6	correct
2	2	correct
4	4	correct
0	0	correct
4	4	correct
4	4	correct
2	2	correct
4	4	correct
0	6	incorrect
6	6	correct
0	0	correct
2	2	correct
2	2	correct
4	4	correct
6	6	correct
6	6	correct
6	6	correct
4	4	correct
4	3	incorrect
6	6	correct
1	1	correct
4	4	correct
4	4	correct
0	0	correct
5	5	correct
1	1	correct
5	5	correct
acc:84.18
